The system is: Linux - 3.10.0-1127.19.1.el7.x86_64 - x86_64
Compiling the C compiler identification source file "CMakeCCompilerId.c" succeeded.
Compiler: /opt/rh/devtoolset-9/root/usr/bin/gcc 
Build flags: 
Id flags: 

The output was:
0


Compilation of the C compiler identification source "CMakeCCompilerId.c" produced "a.out"

The C compiler identification is GNU, found in "/home/sweet12prof/Desktop/Final/CacheSim_v2/build/CMakeFiles/3.3.2/CompilerIdC/a.out"

Compiling the CXX compiler identification source file "CMakeCXXCompilerId.cpp" succeeded.
Compiler: /opt/rh/devtoolset-9/root/usr/bin/g++ 
Build flags: 
Id flags: 

The output was:
0


Compilation of the CXX compiler identification source "CMakeCXXCompilerId.cpp" produced "a.out"

The CXX compiler identification is GNU, found in "/home/sweet12prof/Desktop/Final/CacheSim_v2/build/CMakeFiles/3.3.2/CompilerIdCXX/a.out"

Determining if the C compiler works passed with the following output:
Change Dir: /home/sweet12prof/Desktop/Final/CacheSim_v2/build/CMakeFiles/CMakeTmp

Run Build Command:"/opt/rh/devtoolset-9/root/usr/bin/gmake" "cmTC_541e4/fast"
/opt/rh/devtoolset-9/root/usr/bin/gmake -f CMakeFiles/cmTC_541e4.dir/build.make CMakeFiles/cmTC_541e4.dir/build
gmake[1]: Entering directory '/home/sweet12prof/Desktop/Final/CacheSim_v2/build/CMakeFiles/CMakeTmp'
Building C object CMakeFiles/cmTC_541e4.dir/testCCompiler.c.o
/opt/rh/devtoolset-9/root/usr/bin/gcc    -o CMakeFiles/cmTC_541e4.dir/testCCompiler.c.o   -c /home/sweet12prof/Desktop/Final/CacheSim_v2/build/CMakeFiles/CMakeTmp/testCCompiler.c
Linking C executable cmTC_541e4
/home/Xilinx/Vitis/2020.1/tps/lnx64/cmake-3.3.2/bin/cmake -E cmake_link_script CMakeFiles/cmTC_541e4.dir/link.txt --verbose=1
/opt/rh/devtoolset-9/root/usr/bin/gcc       CMakeFiles/cmTC_541e4.dir/testCCompiler.c.o  -o cmTC_541e4 -rdynamic 
gmake[1]: Leaving directory '/home/sweet12prof/Desktop/Final/CacheSim_v2/build/CMakeFiles/CMakeTmp'


Detecting C compiler ABI info compiled with the following output:
Change Dir: /home/sweet12prof/Desktop/Final/CacheSim_v2/build/CMakeFiles/CMakeTmp

Run Build Command:"/opt/rh/devtoolset-9/root/usr/bin/gmake" "cmTC_8d930/fast"
/opt/rh/devtoolset-9/root/usr/bin/gmake -f CMakeFiles/cmTC_8d930.dir/build.make CMakeFiles/cmTC_8d930.dir/build
gmake[1]: Entering directory '/home/sweet12prof/Desktop/Final/CacheSim_v2/build/CMakeFiles/CMakeTmp'
Building C object CMakeFiles/cmTC_8d930.dir/CMakeCCompilerABI.c.o
/opt/rh/devtoolset-9/root/usr/bin/gcc    -o CMakeFiles/cmTC_8d930.dir/CMakeCCompilerABI.c.o   -c /home/Xilinx/Vitis/2020.1/tps/lnx64/cmake-3.3.2/share/cmake-3.3/Modules/CMakeCCompilerABI.c
Linking C executable cmTC_8d930
/home/Xilinx/Vitis/2020.1/tps/lnx64/cmake-3.3.2/bin/cmake -E cmake_link_script CMakeFiles/cmTC_8d930.dir/link.txt --verbose=1
/opt/rh/devtoolset-9/root/usr/bin/gcc      -v CMakeFiles/cmTC_8d930.dir/CMakeCCompilerABI.c.o  -o cmTC_8d930 -rdynamic  
Using built-in specs.
COLLECT_GCC=/opt/rh/devtoolset-9/root/usr/bin/gcc
COLLECT_LTO_WRAPPER=/opt/rh/devtoolset-9/root/usr/libexec/gcc/x86_64-redhat-linux/9/lto-wrapper
Target: x86_64-redhat-linux
Configured with: ../configure --enable-bootstrap --enable-languages=c,c++,fortran,lto --prefix=/opt/rh/devtoolset-9/root/usr --mandir=/opt/rh/devtoolset-9/root/usr/share/man --infodir=/opt/rh/devtoolset-9/root/usr/share/info --with-bugurl=http://bugzilla.redhat.com/bugzilla --enable-shared --enable-threads=posix --enable-checking=release --enable-multilib --with-system-zlib --enable-__cxa_atexit --disable-libunwind-exceptions --enable-gnu-unique-object --enable-linker-build-id --with-gcc-major-version-only --with-linker-hash-style=gnu --with-default-libstdcxx-abi=gcc4-compatible --enable-plugin --enable-initfini-array --with-isl=/builddir/build/BUILD/gcc-9.3.1-20200408/obj-x86_64-redhat-linux/isl-install --disable-libmpx --enable-gnu-indirect-function --with-tune=generic --with-arch_32=x86-64 --build=x86_64-redhat-linux
Thread model: posix
gcc version 9.3.1 20200408 (Red Hat 9.3.1-2) (GCC) 
COMPILER_PATH=/opt/rh/devtoolset-9/root/usr/libexec/gcc/x86_64-redhat-linux/9/:/opt/rh/devtoolset-9/root/usr/libexec/gcc/x86_64-redhat-linux/9/:/opt/rh/devtoolset-9/root/usr/libexec/gcc/x86_64-redhat-linux/:/opt/rh/devtoolset-9/root/usr/lib/gcc/x86_64-redhat-linux/9/:/opt/rh/devtoolset-9/root/usr/lib/gcc/x86_64-redhat-linux/
LIBRARY_PATH=/opt/rh/devtoolset-9/root/usr/lib/gcc/x86_64-redhat-linux/9/:/opt/rh/devtoolset-9/root/usr/lib/gcc/x86_64-redhat-linux/9/../../../../lib64/:/lib/../lib64/:/usr/lib/../lib64/:/opt/rh/devtoolset-9/root/usr/lib/gcc/x86_64-redhat-linux/9/../../../:/lib/:/usr/lib/
COLLECT_GCC_OPTIONS='-v' '-o' 'cmTC_8d930' '-rdynamic' '-mtune=generic' '-march=x86-64'
 /opt/rh/devtoolset-9/root/usr/libexec/gcc/x86_64-redhat-linux/9/collect2 -plugin /opt/rh/devtoolset-9/root/usr/libexec/gcc/x86_64-redhat-linux/9/liblto_plugin.so -plugin-opt=/opt/rh/devtoolset-9/root/usr/libexec/gcc/x86_64-redhat-linux/9/lto-wrapper -plugin-opt=-fresolution=/tmp/ccF5lk8b.res -plugin-opt=-pass-through=-lgcc -plugin-opt=-pass-through=-lgcc_s -plugin-opt=-pass-through=-lc -plugin-opt=-pass-through=-lgcc -plugin-opt=-pass-through=-lgcc_s --build-id --no-add-needed --eh-frame-hdr --hash-style=gnu -m elf_x86_64 -export-dynamic -dynamic-linker /lib64/ld-linux-x86-64.so.2 -o cmTC_8d930 /lib/../lib64/crt1.o /lib/../lib64/crti.o /opt/rh/devtoolset-9/root/usr/lib/gcc/x86_64-redhat-linux/9/crtbegin.o -L/opt/rh/devtoolset-9/root/usr/lib/gcc/x86_64-redhat-linux/9 -L/opt/rh/devtoolset-9/root/usr/lib/gcc/x86_64-redhat-linux/9/../../../../lib64 -L/lib/../lib64 -L/usr/lib/../lib64 -L/opt/rh/devtoolset-9/root/usr/lib/gcc/x86_64-redhat-linux/9/../../.. CMakeFiles/cmTC_8d930.dir/CMakeCCompilerABI.c.o -lgcc --push-state --as-needed -lgcc_s --pop-state -lc -lgcc --push-state --as-needed -lgcc_s --pop-state /opt/rh/devtoolset-9/root/usr/lib/gcc/x86_64-redhat-linux/9/crtend.o /lib/../lib64/crtn.o
COLLECT_GCC_OPTIONS='-v' '-o' 'cmTC_8d930' '-rdynamic' '-mtune=generic' '-march=x86-64'
gmake[1]: Leaving directory '/home/sweet12prof/Desktop/Final/CacheSim_v2/build/CMakeFiles/CMakeTmp'


Parsed C implicit link information from above output:
  link line regex: [^( *|.*[/\])(ld|([^/\]+-)?ld|collect2)[^/\]*( |$)]
  ignore line: [Change Dir: /home/sweet12prof/Desktop/Final/CacheSim_v2/build/CMakeFiles/CMakeTmp]
  ignore line: []
  ignore line: [Run Build Command:"/opt/rh/devtoolset-9/root/usr/bin/gmake" "cmTC_8d930/fast"]
  ignore line: [/opt/rh/devtoolset-9/root/usr/bin/gmake -f CMakeFiles/cmTC_8d930.dir/build.make CMakeFiles/cmTC_8d930.dir/build]
  ignore line: [gmake[1]: Entering directory '/home/sweet12prof/Desktop/Final/CacheSim_v2/build/CMakeFiles/CMakeTmp']
  ignore line: [Building C object CMakeFiles/cmTC_8d930.dir/CMakeCCompilerABI.c.o]
  ignore line: [/opt/rh/devtoolset-9/root/usr/bin/gcc    -o CMakeFiles/cmTC_8d930.dir/CMakeCCompilerABI.c.o   -c /home/Xilinx/Vitis/2020.1/tps/lnx64/cmake-3.3.2/share/cmake-3.3/Modules/CMakeCCompilerABI.c]
  ignore line: [Linking C executable cmTC_8d930]
  ignore line: [/home/Xilinx/Vitis/2020.1/tps/lnx64/cmake-3.3.2/bin/cmake -E cmake_link_script CMakeFiles/cmTC_8d930.dir/link.txt --verbose=1]
  ignore line: [/opt/rh/devtoolset-9/root/usr/bin/gcc      -v CMakeFiles/cmTC_8d930.dir/CMakeCCompilerABI.c.o  -o cmTC_8d930 -rdynamic  ]
  ignore line: [Using built-in specs.]
  ignore line: [COLLECT_GCC=/opt/rh/devtoolset-9/root/usr/bin/gcc]
  ignore line: [COLLECT_LTO_WRAPPER=/opt/rh/devtoolset-9/root/usr/libexec/gcc/x86_64-redhat-linux/9/lto-wrapper]
  ignore line: [Target: x86_64-redhat-linux]
  ignore line: [Configured with: ../configure --enable-bootstrap --enable-languages=c,c++,fortran,lto --prefix=/opt/rh/devtoolset-9/root/usr --mandir=/opt/rh/devtoolset-9/root/usr/share/man --infodir=/opt/rh/devtoolset-9/root/usr/share/info --with-bugurl=http://bugzilla.redhat.com/bugzilla --enable-shared --enable-threads=posix --enable-checking=release --enable-multilib --with-system-zlib --enable-__cxa_atexit --disable-libunwind-exceptions --enable-gnu-unique-object --enable-linker-build-id --with-gcc-major-version-only --with-linker-hash-style=gnu --with-default-libstdcxx-abi=gcc4-compatible --enable-plugin --enable-initfini-array --with-isl=/builddir/build/BUILD/gcc-9.3.1-20200408/obj-x86_64-redhat-linux/isl-install --disable-libmpx --enable-gnu-indirect-function --with-tune=generic --with-arch_32=x86-64 --build=x86_64-redhat-linux]
  ignore line: [Thread model: posix]
  ignore line: [gcc version 9.3.1 20200408 (Red Hat 9.3.1-2) (GCC) ]
  ignore line: [COMPILER_PATH=/opt/rh/devtoolset-9/root/usr/libexec/gcc/x86_64-redhat-linux/9/:/opt/rh/devtoolset-9/root/usr/libexec/gcc/x86_64-redhat-linux/9/:/opt/rh/devtoolset-9/root/usr/libexec/gcc/x86_64-redhat-linux/:/opt/rh/devtoolset-9/root/usr/lib/gcc/x86_64-redhat-linux/9/:/opt/rh/devtoolset-9/root/usr/lib/gcc/x86_64-redhat-linux/]
  ignore line: [LIBRARY_PATH=/opt/rh/devtoolset-9/root/usr/lib/gcc/x86_64-redhat-linux/9/:/opt/rh/devtoolset-9/root/usr/lib/gcc/x86_64-redhat-linux/9/../../../../lib64/:/lib/../lib64/:/usr/lib/../lib64/:/opt/rh/devtoolset-9/root/usr/lib/gcc/x86_64-redhat-linux/9/../../../:/lib/:/usr/lib/]
  ignore line: [COLLECT_GCC_OPTIONS='-v' '-o' 'cmTC_8d930' '-rdynamic' '-mtune=generic' '-march=x86-64']
  link line: [ /opt/rh/devtoolset-9/root/usr/libexec/gcc/x86_64-redhat-linux/9/collect2 -plugin /opt/rh/devtoolset-9/root/usr/libexec/gcc/x86_64-redhat-linux/9/liblto_plugin.so -plugin-opt=/opt/rh/devtoolset-9/root/usr/libexec/gcc/x86_64-redhat-linux/9/lto-wrapper -plugin-opt=-fresolution=/tmp/ccF5lk8b.res -plugin-opt=-pass-through=-lgcc -plugin-opt=-pass-through=-lgcc_s -plugin-opt=-pass-through=-lc -plugin-opt=-pass-through=-lgcc -plugin-opt=-pass-through=-lgcc_s --build-id --no-add-needed --eh-frame-hdr --hash-style=gnu -m elf_x86_64 -export-dynamic -dynamic-linker /lib64/ld-linux-x86-64.so.2 -o cmTC_8d930 /lib/../lib64/crt1.o /lib/../lib64/crti.o /opt/rh/devtoolset-9/root/usr/lib/gcc/x86_64-redhat-linux/9/crtbegin.o -L/opt/rh/devtoolset-9/root/usr/lib/gcc/x86_64-redhat-linux/9 -L/opt/rh/devtoolset-9/root/usr/lib/gcc/x86_64-redhat-linux/9/../../../../lib64 -L/lib/../lib64 -L/usr/lib/../lib64 -L/opt/rh/devtoolset-9/root/usr/lib/gcc/x86_64-redhat-linux/9/../../.. CMakeFiles/cmTC_8d930.dir/CMakeCCompilerABI.c.o -lgcc --push-state --as-needed -lgcc_s --pop-state -lc -lgcc --push-state --as-needed -lgcc_s --pop-state /opt/rh/devtoolset-9/root/usr/lib/gcc/x86_64-redhat-linux/9/crtend.o /lib/../lib64/crtn.o]
    arg [/opt/rh/devtoolset-9/root/usr/libexec/gcc/x86_64-redhat-linux/9/collect2] ==> ignore
    arg [-plugin] ==> ignore
    arg [/opt/rh/devtoolset-9/root/usr/libexec/gcc/x86_64-redhat-linux/9/liblto_plugin.so] ==> ignore
    arg [-plugin-opt=/opt/rh/devtoolset-9/root/usr/libexec/gcc/x86_64-redhat-linux/9/lto-wrapper] ==> ignore
    arg [-plugin-opt=-fresolution=/tmp/ccF5lk8b.res] ==> ignore
    arg [-plugin-opt=-pass-through=-lgcc] ==> ignore
    arg [-plugin-opt=-pass-through=-lgcc_s] ==> ignore
    arg [-plugin-opt=-pass-through=-lc] ==> ignore
    arg [-plugin-opt=-pass-through=-lgcc] ==> ignore
    arg [-plugin-opt=-pass-through=-lgcc_s] ==> ignore
    arg [--build-id] ==> ignore
    arg [--no-add-needed] ==> ignore
    arg [--eh-frame-hdr] ==> ignore
    arg [--hash-style=gnu] ==> ignore
    arg [-m] ==> ignore
    arg [elf_x86_64] ==> ignore
    arg [-export-dynamic] ==> ignore
    arg [-dynamic-linker] ==> ignore
    arg [/lib64/ld-linux-x86-64.so.2] ==> ignore
    arg [-o] ==> ignore
    arg [cmTC_8d930] ==> ignore
    arg [/lib/../lib64/crt1.o] ==> ignore
    arg [/lib/../lib64/crti.o] ==> ignore
    arg [/opt/rh/devtoolset-9/root/usr/lib/gcc/x86_64-redhat-linux/9/crtbegin.o] ==> ignore
    arg [-L/opt/rh/devtoolset-9/root/usr/lib/gcc/x86_64-redhat-linux/9] ==> dir [/opt/rh/devtoolset-9/root/usr/lib/gcc/x86_64-redhat-linux/9]
    arg [-L/opt/rh/devtoolset-9/root/usr/lib/gcc/x86_64-redhat-linux/9/../../../../lib64] ==> dir [/opt/rh/devtoolset-9/root/usr/lib/gcc/x86_64-redhat-linux/9/../../../../lib64]
    arg [-L/lib/../lib64] ==> dir [/lib/../lib64]
    arg [-L/usr/lib/../lib64] ==> dir [/usr/lib/../lib64]
    arg [-L/opt/rh/devtoolset-9/root/usr/lib/gcc/x86_64-redhat-linux/9/../../..] ==> dir [/opt/rh/devtoolset-9/root/usr/lib/gcc/x86_64-redhat-linux/9/../../..]
    arg [CMakeFiles/cmTC_8d930.dir/CMakeCCompilerABI.c.o] ==> ignore
    arg [-lgcc] ==> lib [gcc]
    arg [--push-state] ==> ignore
    arg [--as-needed] ==> ignore
    arg [-lgcc_s] ==> lib [gcc_s]
    arg [--pop-state] ==> ignore
    arg [-lc] ==> lib [c]
    arg [-lgcc] ==> lib [gcc]
    arg [--push-state] ==> ignore
    arg [--as-needed] ==> ignore
    arg [-lgcc_s] ==> lib [gcc_s]
    arg [--pop-state] ==> ignore
    arg [/opt/rh/devtoolset-9/root/usr/lib/gcc/x86_64-redhat-linux/9/crtend.o] ==> ignore
    arg [/lib/../lib64/crtn.o] ==> ignore
  remove lib [gcc]
  remove lib [gcc_s]
  remove lib [gcc]
  remove lib [gcc_s]
  collapse library dir [/opt/rh/devtoolset-9/root/usr/lib/gcc/x86_64-redhat-linux/9] ==> [/opt/rh/devtoolset-9/root/usr/lib/gcc/x86_64-redhat-linux/9]
  collapse library dir [/opt/rh/devtoolset-9/root/usr/lib/gcc/x86_64-redhat-linux/9/../../../../lib64] ==> [/opt/rh/devtoolset-9/root/usr/lib64]
  collapse library dir [/lib/../lib64] ==> [/lib64]
  collapse library dir [/usr/lib/../lib64] ==> [/usr/lib64]
  collapse library dir [/opt/rh/devtoolset-9/root/usr/lib/gcc/x86_64-redhat-linux/9/../../..] ==> [/opt/rh/devtoolset-9/root/usr/lib]
  implicit libs: [c]
  implicit dirs: [/opt/rh/devtoolset-9/root/usr/lib/gcc/x86_64-redhat-linux/9;/opt/rh/devtoolset-9/root/usr/lib64;/lib64;/usr/lib64;/opt/rh/devtoolset-9/root/usr/lib]
  implicit fwks: []




Detecting C [-std=c11] compiler features compiled with the following output:
Change Dir: /home/sweet12prof/Desktop/Final/CacheSim_v2/build/CMakeFiles/CMakeTmp

Run Build Command:"/opt/rh/devtoolset-9/root/usr/bin/gmake" "cmTC_da370/fast"
/opt/rh/devtoolset-9/root/usr/bin/gmake -f CMakeFiles/cmTC_da370.dir/build.make CMakeFiles/cmTC_da370.dir/build
gmake[1]: Entering directory '/home/sweet12prof/Desktop/Final/CacheSim_v2/build/CMakeFiles/CMakeTmp'
Building C object CMakeFiles/cmTC_da370.dir/feature_tests.c.o
/opt/rh/devtoolset-9/root/usr/bin/gcc   -std=c11 -o CMakeFiles/cmTC_da370.dir/feature_tests.c.o   -c /home/sweet12prof/Desktop/Final/CacheSim_v2/build/CMakeFiles/feature_tests.c
Linking C executable cmTC_da370
/home/Xilinx/Vitis/2020.1/tps/lnx64/cmake-3.3.2/bin/cmake -E cmake_link_script CMakeFiles/cmTC_da370.dir/link.txt --verbose=1
/opt/rh/devtoolset-9/root/usr/bin/gcc       CMakeFiles/cmTC_da370.dir/feature_tests.c.o  -o cmTC_da370 -rdynamic 
gmake[1]: Leaving directory '/home/sweet12prof/Desktop/Final/CacheSim_v2/build/CMakeFiles/CMakeTmp'


    Feature record: C_FEATURE:1c_function_prototypes
    Feature record: C_FEATURE:1c_restrict
    Feature record: C_FEATURE:1c_static_assert
    Feature record: C_FEATURE:1c_variadic_macros


Detecting C [-std=c99] compiler features compiled with the following output:
Change Dir: /home/sweet12prof/Desktop/Final/CacheSim_v2/build/CMakeFiles/CMakeTmp

Run Build Command:"/opt/rh/devtoolset-9/root/usr/bin/gmake" "cmTC_aadd0/fast"
/opt/rh/devtoolset-9/root/usr/bin/gmake -f CMakeFiles/cmTC_aadd0.dir/build.make CMakeFiles/cmTC_aadd0.dir/build
gmake[1]: Entering directory '/home/sweet12prof/Desktop/Final/CacheSim_v2/build/CMakeFiles/CMakeTmp'
Building C object CMakeFiles/cmTC_aadd0.dir/feature_tests.c.o
/opt/rh/devtoolset-9/root/usr/bin/gcc   -std=c99 -o CMakeFiles/cmTC_aadd0.dir/feature_tests.c.o   -c /home/sweet12prof/Desktop/Final/CacheSim_v2/build/CMakeFiles/feature_tests.c
Linking C executable cmTC_aadd0
/home/Xilinx/Vitis/2020.1/tps/lnx64/cmake-3.3.2/bin/cmake -E cmake_link_script CMakeFiles/cmTC_aadd0.dir/link.txt --verbose=1
/opt/rh/devtoolset-9/root/usr/bin/gcc       CMakeFiles/cmTC_aadd0.dir/feature_tests.c.o  -o cmTC_aadd0 -rdynamic 
gmake[1]: Leaving directory '/home/sweet12prof/Desktop/Final/CacheSim_v2/build/CMakeFiles/CMakeTmp'


    Feature record: C_FEATURE:1c_function_prototypes
    Feature record: C_FEATURE:1c_restrict
    Feature record: C_FEATURE:0c_static_assert
    Feature record: C_FEATURE:1c_variadic_macros


Detecting C [-std=c90] compiler features compiled with the following output:
Change Dir: /home/sweet12prof/Desktop/Final/CacheSim_v2/build/CMakeFiles/CMakeTmp

Run Build Command:"/opt/rh/devtoolset-9/root/usr/bin/gmake" "cmTC_d5e12/fast"
/opt/rh/devtoolset-9/root/usr/bin/gmake -f CMakeFiles/cmTC_d5e12.dir/build.make CMakeFiles/cmTC_d5e12.dir/build
gmake[1]: Entering directory '/home/sweet12prof/Desktop/Final/CacheSim_v2/build/CMakeFiles/CMakeTmp'
Building C object CMakeFiles/cmTC_d5e12.dir/feature_tests.c.o
/opt/rh/devtoolset-9/root/usr/bin/gcc   -std=c90 -o CMakeFiles/cmTC_d5e12.dir/feature_tests.c.o   -c /home/sweet12prof/Desktop/Final/CacheSim_v2/build/CMakeFiles/feature_tests.c
Linking C executable cmTC_d5e12
/home/Xilinx/Vitis/2020.1/tps/lnx64/cmake-3.3.2/bin/cmake -E cmake_link_script CMakeFiles/cmTC_d5e12.dir/link.txt --verbose=1
/opt/rh/devtoolset-9/root/usr/bin/gcc       CMakeFiles/cmTC_d5e12.dir/feature_tests.c.o  -o cmTC_d5e12 -rdynamic 
gmake[1]: Leaving directory '/home/sweet12prof/Desktop/Final/CacheSim_v2/build/CMakeFiles/CMakeTmp'


    Feature record: C_FEATURE:1c_function_prototypes
    Feature record: C_FEATURE:0c_restrict
    Feature record: C_FEATURE:0c_static_assert
    Feature record: C_FEATURE:0c_variadic_macros
Determining if the CXX compiler works passed with the following output:
Change Dir: /home/sweet12prof/Desktop/Final/CacheSim_v2/build/CMakeFiles/CMakeTmp

Run Build Command:"/opt/rh/devtoolset-9/root/usr/bin/gmake" "cmTC_2c7b2/fast"
/opt/rh/devtoolset-9/root/usr/bin/gmake -f CMakeFiles/cmTC_2c7b2.dir/build.make CMakeFiles/cmTC_2c7b2.dir/build
gmake[1]: Entering directory '/home/sweet12prof/Desktop/Final/CacheSim_v2/build/CMakeFiles/CMakeTmp'
Building CXX object CMakeFiles/cmTC_2c7b2.dir/testCXXCompiler.cxx.o
/opt/rh/devtoolset-9/root/usr/bin/g++     -o CMakeFiles/cmTC_2c7b2.dir/testCXXCompiler.cxx.o -c /home/sweet12prof/Desktop/Final/CacheSim_v2/build/CMakeFiles/CMakeTmp/testCXXCompiler.cxx
Linking CXX executable cmTC_2c7b2
/home/Xilinx/Vitis/2020.1/tps/lnx64/cmake-3.3.2/bin/cmake -E cmake_link_script CMakeFiles/cmTC_2c7b2.dir/link.txt --verbose=1
/opt/rh/devtoolset-9/root/usr/bin/g++        CMakeFiles/cmTC_2c7b2.dir/testCXXCompiler.cxx.o  -o cmTC_2c7b2 -rdynamic 
gmake[1]: Leaving directory '/home/sweet12prof/Desktop/Final/CacheSim_v2/build/CMakeFiles/CMakeTmp'


Detecting CXX compiler ABI info compiled with the following output:
Change Dir: /home/sweet12prof/Desktop/Final/CacheSim_v2/build/CMakeFiles/CMakeTmp

Run Build Command:"/opt/rh/devtoolset-9/root/usr/bin/gmake" "cmTC_0713c/fast"
/opt/rh/devtoolset-9/root/usr/bin/gmake -f CMakeFiles/cmTC_0713c.dir/build.make CMakeFiles/cmTC_0713c.dir/build
gmake[1]: Entering directory '/home/sweet12prof/Desktop/Final/CacheSim_v2/build/CMakeFiles/CMakeTmp'
Building CXX object CMakeFiles/cmTC_0713c.dir/CMakeCXXCompilerABI.cpp.o
/opt/rh/devtoolset-9/root/usr/bin/g++     -o CMakeFiles/cmTC_0713c.dir/CMakeCXXCompilerABI.cpp.o -c /home/Xilinx/Vitis/2020.1/tps/lnx64/cmake-3.3.2/share/cmake-3.3/Modules/CMakeCXXCompilerABI.cpp
Linking CXX executable cmTC_0713c
/home/Xilinx/Vitis/2020.1/tps/lnx64/cmake-3.3.2/bin/cmake -E cmake_link_script CMakeFiles/cmTC_0713c.dir/link.txt --verbose=1
/opt/rh/devtoolset-9/root/usr/bin/g++       -v CMakeFiles/cmTC_0713c.dir/CMakeCXXCompilerABI.cpp.o  -o cmTC_0713c -rdynamic  
Using built-in specs.
COLLECT_GCC=/opt/rh/devtoolset-9/root/usr/bin/g++
COLLECT_LTO_WRAPPER=/opt/rh/devtoolset-9/root/usr/libexec/gcc/x86_64-redhat-linux/9/lto-wrapper
Target: x86_64-redhat-linux
Configured with: ../configure --enable-bootstrap --enable-languages=c,c++,fortran,lto --prefix=/opt/rh/devtoolset-9/root/usr --mandir=/opt/rh/devtoolset-9/root/usr/share/man --infodir=/opt/rh/devtoolset-9/root/usr/share/info --with-bugurl=http://bugzilla.redhat.com/bugzilla --enable-shared --enable-threads=posix --enable-checking=release --enable-multilib --with-system-zlib --enable-__cxa_atexit --disable-libunwind-exceptions --enable-gnu-unique-object --enable-linker-build-id --with-gcc-major-version-only --with-linker-hash-style=gnu --with-default-libstdcxx-abi=gcc4-compatible --enable-plugin --enable-initfini-array --with-isl=/builddir/build/BUILD/gcc-9.3.1-20200408/obj-x86_64-redhat-linux/isl-install --disable-libmpx --enable-gnu-indirect-function --with-tune=generic --with-arch_32=x86-64 --build=x86_64-redhat-linux
Thread model: posix
gcc version 9.3.1 20200408 (Red Hat 9.3.1-2) (GCC) 
COMPILER_PATH=/opt/rh/devtoolset-9/root/usr/libexec/gcc/x86_64-redhat-linux/9/:/opt/rh/devtoolset-9/root/usr/libexec/gcc/x86_64-redhat-linux/9/:/opt/rh/devtoolset-9/root/usr/libexec/gcc/x86_64-redhat-linux/:/opt/rh/devtoolset-9/root/usr/lib/gcc/x86_64-redhat-linux/9/:/opt/rh/devtoolset-9/root/usr/lib/gcc/x86_64-redhat-linux/
LIBRARY_PATH=/opt/rh/devtoolset-9/root/usr/lib/gcc/x86_64-redhat-linux/9/:/opt/rh/devtoolset-9/root/usr/lib/gcc/x86_64-redhat-linux/9/../../../../lib64/:/lib/../lib64/:/usr/lib/../lib64/:/opt/rh/devtoolset-9/root/usr/lib/gcc/x86_64-redhat-linux/9/../../../:/lib/:/usr/lib/
COLLECT_GCC_OPTIONS='-v' '-o' 'cmTC_0713c' '-rdynamic' '-shared-libgcc' '-mtune=generic' '-march=x86-64'
 /opt/rh/devtoolset-9/root/usr/libexec/gcc/x86_64-redhat-linux/9/collect2 -plugin /opt/rh/devtoolset-9/root/usr/libexec/gcc/x86_64-redhat-linux/9/liblto_plugin.so -plugin-opt=/opt/rh/devtoolset-9/root/usr/libexec/gcc/x86_64-redhat-linux/9/lto-wrapper -plugin-opt=-fresolution=/tmp/ccqPqDWC.res -plugin-opt=-pass-through=-lgcc_s -plugin-opt=-pass-through=-lgcc -plugin-opt=-pass-through=-lc -plugin-opt=-pass-through=-lgcc_s -plugin-opt=-pass-through=-lgcc --build-id --no-add-needed --eh-frame-hdr --hash-style=gnu -m elf_x86_64 -export-dynamic -dynamic-linker /lib64/ld-linux-x86-64.so.2 -o cmTC_0713c /lib/../lib64/crt1.o /lib/../lib64/crti.o /opt/rh/devtoolset-9/root/usr/lib/gcc/x86_64-redhat-linux/9/crtbegin.o -L/opt/rh/devtoolset-9/root/usr/lib/gcc/x86_64-redhat-linux/9 -L/opt/rh/devtoolset-9/root/usr/lib/gcc/x86_64-redhat-linux/9/../../../../lib64 -L/lib/../lib64 -L/usr/lib/../lib64 -L/opt/rh/devtoolset-9/root/usr/lib/gcc/x86_64-redhat-linux/9/../../.. CMakeFiles/cmTC_0713c.dir/CMakeCXXCompilerABI.cpp.o -lstdc++ -lm -lgcc_s -lgcc -lc -lgcc_s -lgcc /opt/rh/devtoolset-9/root/usr/lib/gcc/x86_64-redhat-linux/9/crtend.o /lib/../lib64/crtn.o
COLLECT_GCC_OPTIONS='-v' '-o' 'cmTC_0713c' '-rdynamic' '-shared-libgcc' '-mtune=generic' '-march=x86-64'
gmake[1]: Leaving directory '/home/sweet12prof/Desktop/Final/CacheSim_v2/build/CMakeFiles/CMakeTmp'


Parsed CXX implicit link information from above output:
  link line regex: [^( *|.*[/\])(ld|([^/\]+-)?ld|collect2)[^/\]*( |$)]
  ignore line: [Change Dir: /home/sweet12prof/Desktop/Final/CacheSim_v2/build/CMakeFiles/CMakeTmp]
  ignore line: []
  ignore line: [Run Build Command:"/opt/rh/devtoolset-9/root/usr/bin/gmake" "cmTC_0713c/fast"]
  ignore line: [/opt/rh/devtoolset-9/root/usr/bin/gmake -f CMakeFiles/cmTC_0713c.dir/build.make CMakeFiles/cmTC_0713c.dir/build]
  ignore line: [gmake[1]: Entering directory '/home/sweet12prof/Desktop/Final/CacheSim_v2/build/CMakeFiles/CMakeTmp']
  ignore line: [Building CXX object CMakeFiles/cmTC_0713c.dir/CMakeCXXCompilerABI.cpp.o]
  ignore line: [/opt/rh/devtoolset-9/root/usr/bin/g++     -o CMakeFiles/cmTC_0713c.dir/CMakeCXXCompilerABI.cpp.o -c /home/Xilinx/Vitis/2020.1/tps/lnx64/cmake-3.3.2/share/cmake-3.3/Modules/CMakeCXXCompilerABI.cpp]
  ignore line: [Linking CXX executable cmTC_0713c]
  ignore line: [/home/Xilinx/Vitis/2020.1/tps/lnx64/cmake-3.3.2/bin/cmake -E cmake_link_script CMakeFiles/cmTC_0713c.dir/link.txt --verbose=1]
  ignore line: [/opt/rh/devtoolset-9/root/usr/bin/g++       -v CMakeFiles/cmTC_0713c.dir/CMakeCXXCompilerABI.cpp.o  -o cmTC_0713c -rdynamic  ]
  ignore line: [Using built-in specs.]
  ignore line: [COLLECT_GCC=/opt/rh/devtoolset-9/root/usr/bin/g++]
  ignore line: [COLLECT_LTO_WRAPPER=/opt/rh/devtoolset-9/root/usr/libexec/gcc/x86_64-redhat-linux/9/lto-wrapper]
  ignore line: [Target: x86_64-redhat-linux]
  ignore line: [Configured with: ../configure --enable-bootstrap --enable-languages=c,c++,fortran,lto --prefix=/opt/rh/devtoolset-9/root/usr --mandir=/opt/rh/devtoolset-9/root/usr/share/man --infodir=/opt/rh/devtoolset-9/root/usr/share/info --with-bugurl=http://bugzilla.redhat.com/bugzilla --enable-shared --enable-threads=posix --enable-checking=release --enable-multilib --with-system-zlib --enable-__cxa_atexit --disable-libunwind-exceptions --enable-gnu-unique-object --enable-linker-build-id --with-gcc-major-version-only --with-linker-hash-style=gnu --with-default-libstdcxx-abi=gcc4-compatible --enable-plugin --enable-initfini-array --with-isl=/builddir/build/BUILD/gcc-9.3.1-20200408/obj-x86_64-redhat-linux/isl-install --disable-libmpx --enable-gnu-indirect-function --with-tune=generic --with-arch_32=x86-64 --build=x86_64-redhat-linux]
  ignore line: [Thread model: posix]
  ignore line: [gcc version 9.3.1 20200408 (Red Hat 9.3.1-2) (GCC) ]
  ignore line: [COMPILER_PATH=/opt/rh/devtoolset-9/root/usr/libexec/gcc/x86_64-redhat-linux/9/:/opt/rh/devtoolset-9/root/usr/libexec/gcc/x86_64-redhat-linux/9/:/opt/rh/devtoolset-9/root/usr/libexec/gcc/x86_64-redhat-linux/:/opt/rh/devtoolset-9/root/usr/lib/gcc/x86_64-redhat-linux/9/:/opt/rh/devtoolset-9/root/usr/lib/gcc/x86_64-redhat-linux/]
  ignore line: [LIBRARY_PATH=/opt/rh/devtoolset-9/root/usr/lib/gcc/x86_64-redhat-linux/9/:/opt/rh/devtoolset-9/root/usr/lib/gcc/x86_64-redhat-linux/9/../../../../lib64/:/lib/../lib64/:/usr/lib/../lib64/:/opt/rh/devtoolset-9/root/usr/lib/gcc/x86_64-redhat-linux/9/../../../:/lib/:/usr/lib/]
  ignore line: [COLLECT_GCC_OPTIONS='-v' '-o' 'cmTC_0713c' '-rdynamic' '-shared-libgcc' '-mtune=generic' '-march=x86-64']
  link line: [ /opt/rh/devtoolset-9/root/usr/libexec/gcc/x86_64-redhat-linux/9/collect2 -plugin /opt/rh/devtoolset-9/root/usr/libexec/gcc/x86_64-redhat-linux/9/liblto_plugin.so -plugin-opt=/opt/rh/devtoolset-9/root/usr/libexec/gcc/x86_64-redhat-linux/9/lto-wrapper -plugin-opt=-fresolution=/tmp/ccqPqDWC.res -plugin-opt=-pass-through=-lgcc_s -plugin-opt=-pass-through=-lgcc -plugin-opt=-pass-through=-lc -plugin-opt=-pass-through=-lgcc_s -plugin-opt=-pass-through=-lgcc --build-id --no-add-needed --eh-frame-hdr --hash-style=gnu -m elf_x86_64 -export-dynamic -dynamic-linker /lib64/ld-linux-x86-64.so.2 -o cmTC_0713c /lib/../lib64/crt1.o /lib/../lib64/crti.o /opt/rh/devtoolset-9/root/usr/lib/gcc/x86_64-redhat-linux/9/crtbegin.o -L/opt/rh/devtoolset-9/root/usr/lib/gcc/x86_64-redhat-linux/9 -L/opt/rh/devtoolset-9/root/usr/lib/gcc/x86_64-redhat-linux/9/../../../../lib64 -L/lib/../lib64 -L/usr/lib/../lib64 -L/opt/rh/devtoolset-9/root/usr/lib/gcc/x86_64-redhat-linux/9/../../.. CMakeFiles/cmTC_0713c.dir/CMakeCXXCompilerABI.cpp.o -lstdc++ -lm -lgcc_s -lgcc -lc -lgcc_s -lgcc /opt/rh/devtoolset-9/root/usr/lib/gcc/x86_64-redhat-linux/9/crtend.o /lib/../lib64/crtn.o]
    arg [/opt/rh/devtoolset-9/root/usr/libexec/gcc/x86_64-redhat-linux/9/collect2] ==> ignore
    arg [-plugin] ==> ignore
    arg [/opt/rh/devtoolset-9/root/usr/libexec/gcc/x86_64-redhat-linux/9/liblto_plugin.so] ==> ignore
    arg [-plugin-opt=/opt/rh/devtoolset-9/root/usr/libexec/gcc/x86_64-redhat-linux/9/lto-wrapper] ==> ignore
    arg [-plugin-opt=-fresolution=/tmp/ccqPqDWC.res] ==> ignore
    arg [-plugin-opt=-pass-through=-lgcc_s] ==> ignore
    arg [-plugin-opt=-pass-through=-lgcc] ==> ignore
    arg [-plugin-opt=-pass-through=-lc] ==> ignore
    arg [-plugin-opt=-pass-through=-lgcc_s] ==> ignore
    arg [-plugin-opt=-pass-through=-lgcc] ==> ignore
    arg [--build-id] ==> ignore
    arg [--no-add-needed] ==> ignore
    arg [--eh-frame-hdr] ==> ignore
    arg [--hash-style=gnu] ==> ignore
    arg [-m] ==> ignore
    arg [elf_x86_64] ==> ignore
    arg [-export-dynamic] ==> ignore
    arg [-dynamic-linker] ==> ignore
    arg [/lib64/ld-linux-x86-64.so.2] ==> ignore
    arg [-o] ==> ignore
    arg [cmTC_0713c] ==> ignore
    arg [/lib/../lib64/crt1.o] ==> ignore
    arg [/lib/../lib64/crti.o] ==> ignore
    arg [/opt/rh/devtoolset-9/root/usr/lib/gcc/x86_64-redhat-linux/9/crtbegin.o] ==> ignore
    arg [-L/opt/rh/devtoolset-9/root/usr/lib/gcc/x86_64-redhat-linux/9] ==> dir [/opt/rh/devtoolset-9/root/usr/lib/gcc/x86_64-redhat-linux/9]
    arg [-L/opt/rh/devtoolset-9/root/usr/lib/gcc/x86_64-redhat-linux/9/../../../../lib64] ==> dir [/opt/rh/devtoolset-9/root/usr/lib/gcc/x86_64-redhat-linux/9/../../../../lib64]
    arg [-L/lib/../lib64] ==> dir [/lib/../lib64]
    arg [-L/usr/lib/../lib64] ==> dir [/usr/lib/../lib64]
    arg [-L/opt/rh/devtoolset-9/root/usr/lib/gcc/x86_64-redhat-linux/9/../../..] ==> dir [/opt/rh/devtoolset-9/root/usr/lib/gcc/x86_64-redhat-linux/9/../../..]
    arg [CMakeFiles/cmTC_0713c.dir/CMakeCXXCompilerABI.cpp.o] ==> ignore
    arg [-lstdc++] ==> lib [stdc++]
    arg [-lm] ==> lib [m]
    arg [-lgcc_s] ==> lib [gcc_s]
    arg [-lgcc] ==> lib [gcc]
    arg [-lc] ==> lib [c]
    arg [-lgcc_s] ==> lib [gcc_s]
    arg [-lgcc] ==> lib [gcc]
    arg [/opt/rh/devtoolset-9/root/usr/lib/gcc/x86_64-redhat-linux/9/crtend.o] ==> ignore
    arg [/lib/../lib64/crtn.o] ==> ignore
  remove lib [gcc_s]
  remove lib [gcc]
  remove lib [gcc_s]
  remove lib [gcc]
  collapse library dir [/opt/rh/devtoolset-9/root/usr/lib/gcc/x86_64-redhat-linux/9] ==> [/opt/rh/devtoolset-9/root/usr/lib/gcc/x86_64-redhat-linux/9]
  collapse library dir [/opt/rh/devtoolset-9/root/usr/lib/gcc/x86_64-redhat-linux/9/../../../../lib64] ==> [/opt/rh/devtoolset-9/root/usr/lib64]
  collapse library dir [/lib/../lib64] ==> [/lib64]
  collapse library dir [/usr/lib/../lib64] ==> [/usr/lib64]
  collapse library dir [/opt/rh/devtoolset-9/root/usr/lib/gcc/x86_64-redhat-linux/9/../../..] ==> [/opt/rh/devtoolset-9/root/usr/lib]
  implicit libs: [stdc++;m;c]
  implicit dirs: [/opt/rh/devtoolset-9/root/usr/lib/gcc/x86_64-redhat-linux/9;/opt/rh/devtoolset-9/root/usr/lib64;/lib64;/usr/lib64;/opt/rh/devtoolset-9/root/usr/lib]
  implicit fwks: []




Detecting CXX [-std=c++14] compiler features compiled with the following output:
Change Dir: /home/sweet12prof/Desktop/Final/CacheSim_v2/build/CMakeFiles/CMakeTmp

Run Build Command:"/opt/rh/devtoolset-9/root/usr/bin/gmake" "cmTC_62459/fast"
/opt/rh/devtoolset-9/root/usr/bin/gmake -f CMakeFiles/cmTC_62459.dir/build.make CMakeFiles/cmTC_62459.dir/build
gmake[1]: Entering directory '/home/sweet12prof/Desktop/Final/CacheSim_v2/build/CMakeFiles/CMakeTmp'
Building CXX object CMakeFiles/cmTC_62459.dir/feature_tests.cxx.o
/opt/rh/devtoolset-9/root/usr/bin/g++    -std=c++14 -o CMakeFiles/cmTC_62459.dir/feature_tests.cxx.o -c /home/sweet12prof/Desktop/Final/CacheSim_v2/build/CMakeFiles/feature_tests.cxx
Linking CXX executable cmTC_62459
/home/Xilinx/Vitis/2020.1/tps/lnx64/cmake-3.3.2/bin/cmake -E cmake_link_script CMakeFiles/cmTC_62459.dir/link.txt --verbose=1
/opt/rh/devtoolset-9/root/usr/bin/g++        CMakeFiles/cmTC_62459.dir/feature_tests.cxx.o  -o cmTC_62459 -rdynamic 
gmake[1]: Leaving directory '/home/sweet12prof/Desktop/Final/CacheSim_v2/build/CMakeFiles/CMakeTmp'


    Feature record: CXX_FEATURE:1cxx_aggregate_default_initializers
    Feature record: CXX_FEATURE:1cxx_alias_templates
    Feature record: CXX_FEATURE:1cxx_alignas
    Feature record: CXX_FEATURE:1cxx_alignof
    Feature record: CXX_FEATURE:1cxx_attributes
    Feature record: CXX_FEATURE:1cxx_attribute_deprecated
    Feature record: CXX_FEATURE:1cxx_auto_type
    Feature record: CXX_FEATURE:1cxx_binary_literals
    Feature record: CXX_FEATURE:1cxx_constexpr
    Feature record: CXX_FEATURE:1cxx_contextual_conversions
    Feature record: CXX_FEATURE:1cxx_decltype
    Feature record: CXX_FEATURE:1cxx_decltype_auto
    Feature record: CXX_FEATURE:1cxx_decltype_incomplete_return_types
    Feature record: CXX_FEATURE:1cxx_default_function_template_args
    Feature record: CXX_FEATURE:1cxx_defaulted_functions
    Feature record: CXX_FEATURE:1cxx_defaulted_move_initializers
    Feature record: CXX_FEATURE:1cxx_delegating_constructors
    Feature record: CXX_FEATURE:1cxx_deleted_functions
    Feature record: CXX_FEATURE:1cxx_digit_separators
    Feature record: CXX_FEATURE:1cxx_enum_forward_declarations
    Feature record: CXX_FEATURE:1cxx_explicit_conversions
    Feature record: CXX_FEATURE:1cxx_extended_friend_declarations
    Feature record: CXX_FEATURE:1cxx_extern_templates
    Feature record: CXX_FEATURE:1cxx_final
    Feature record: CXX_FEATURE:1cxx_func_identifier
    Feature record: CXX_FEATURE:1cxx_generalized_initializers
    Feature record: CXX_FEATURE:1cxx_generic_lambdas
    Feature record: CXX_FEATURE:1cxx_inheriting_constructors
    Feature record: CXX_FEATURE:1cxx_inline_namespaces
    Feature record: CXX_FEATURE:1cxx_lambdas
    Feature record: CXX_FEATURE:1cxx_lambda_init_captures
    Feature record: CXX_FEATURE:1cxx_local_type_template_args
    Feature record: CXX_FEATURE:1cxx_long_long_type
    Feature record: CXX_FEATURE:1cxx_noexcept
    Feature record: CXX_FEATURE:1cxx_nonstatic_member_init
    Feature record: CXX_FEATURE:1cxx_nullptr
    Feature record: CXX_FEATURE:1cxx_override
    Feature record: CXX_FEATURE:1cxx_range_for
    Feature record: CXX_FEATURE:1cxx_raw_string_literals
    Feature record: CXX_FEATURE:1cxx_reference_qualified_functions
    Feature record: CXX_FEATURE:1cxx_relaxed_constexpr
    Feature record: CXX_FEATURE:1cxx_return_type_deduction
    Feature record: CXX_FEATURE:1cxx_right_angle_brackets
    Feature record: CXX_FEATURE:1cxx_rvalue_references
    Feature record: CXX_FEATURE:1cxx_sizeof_member
    Feature record: CXX_FEATURE:1cxx_static_assert
    Feature record: CXX_FEATURE:1cxx_strong_enums
    Feature record: CXX_FEATURE:1cxx_template_template_parameters
    Feature record: CXX_FEATURE:1cxx_thread_local
    Feature record: CXX_FEATURE:1cxx_trailing_return_types
    Feature record: CXX_FEATURE:1cxx_unicode_literals
    Feature record: CXX_FEATURE:1cxx_uniform_initialization
    Feature record: CXX_FEATURE:1cxx_unrestricted_unions
    Feature record: CXX_FEATURE:1cxx_user_literals
    Feature record: CXX_FEATURE:1cxx_variable_templates
    Feature record: CXX_FEATURE:1cxx_variadic_macros
    Feature record: CXX_FEATURE:1cxx_variadic_templates


Detecting CXX [-std=c++11] compiler features compiled with the following output:
Change Dir: /home/sweet12prof/Desktop/Final/CacheSim_v2/build/CMakeFiles/CMakeTmp

Run Build Command:"/opt/rh/devtoolset-9/root/usr/bin/gmake" "cmTC_5313a/fast"
/opt/rh/devtoolset-9/root/usr/bin/gmake -f CMakeFiles/cmTC_5313a.dir/build.make CMakeFiles/cmTC_5313a.dir/build
gmake[1]: Entering directory '/home/sweet12prof/Desktop/Final/CacheSim_v2/build/CMakeFiles/CMakeTmp'
Building CXX object CMakeFiles/cmTC_5313a.dir/feature_tests.cxx.o
/opt/rh/devtoolset-9/root/usr/bin/g++    -std=c++11 -o CMakeFiles/cmTC_5313a.dir/feature_tests.cxx.o -c /home/sweet12prof/Desktop/Final/CacheSim_v2/build/CMakeFiles/feature_tests.cxx
Linking CXX executable cmTC_5313a
/home/Xilinx/Vitis/2020.1/tps/lnx64/cmake-3.3.2/bin/cmake -E cmake_link_script CMakeFiles/cmTC_5313a.dir/link.txt --verbose=1
/opt/rh/devtoolset-9/root/usr/bin/g++        CMakeFiles/cmTC_5313a.dir/feature_tests.cxx.o  -o cmTC_5313a -rdynamic 
gmake[1]: Leaving directory '/home/sweet12prof/Desktop/Final/CacheSim_v2/build/CMakeFiles/CMakeTmp'


    Feature record: CXX_FEATURE:0cxx_aggregate_default_initializers
    Feature record: CXX_FEATURE:1cxx_alias_templates
    Feature record: CXX_FEATURE:1cxx_alignas
    Feature record: CXX_FEATURE:1cxx_alignof
    Feature record: CXX_FEATURE:1cxx_attributes
    Feature record: CXX_FEATURE:0cxx_attribute_deprecated
    Feature record: CXX_FEATURE:1cxx_auto_type
    Feature record: CXX_FEATURE:0cxx_binary_literals
    Feature record: CXX_FEATURE:1cxx_constexpr
    Feature record: CXX_FEATURE:0cxx_contextual_conversions
    Feature record: CXX_FEATURE:1cxx_decltype
    Feature record: CXX_FEATURE:0cxx_decltype_auto
    Feature record: CXX_FEATURE:1cxx_decltype_incomplete_return_types
    Feature record: CXX_FEATURE:1cxx_default_function_template_args
    Feature record: CXX_FEATURE:1cxx_defaulted_functions
    Feature record: CXX_FEATURE:1cxx_defaulted_move_initializers
    Feature record: CXX_FEATURE:1cxx_delegating_constructors
    Feature record: CXX_FEATURE:1cxx_deleted_functions
    Feature record: CXX_FEATURE:0cxx_digit_separators
    Feature record: CXX_FEATURE:1cxx_enum_forward_declarations
    Feature record: CXX_FEATURE:1cxx_explicit_conversions
    Feature record: CXX_FEATURE:1cxx_extended_friend_declarations
    Feature record: CXX_FEATURE:1cxx_extern_templates
    Feature record: CXX_FEATURE:1cxx_final
    Feature record: CXX_FEATURE:1cxx_func_identifier
    Feature record: CXX_FEATURE:1cxx_generalized_initializers
    Feature record: CXX_FEATURE:0cxx_generic_lambdas
    Feature record: CXX_FEATURE:1cxx_inheriting_constructors
    Feature record: CXX_FEATURE:1cxx_inline_namespaces
    Feature record: CXX_FEATURE:1cxx_lambdas
    Feature record: CXX_FEATURE:0cxx_lambda_init_captures
    Feature record: CXX_FEATURE:1cxx_local_type_template_args
    Feature record: CXX_FEATURE:1cxx_long_long_type
    Feature record: CXX_FEATURE:1cxx_noexcept
    Feature record: CXX_FEATURE:1cxx_nonstatic_member_init
    Feature record: CXX_FEATURE:1cxx_nullptr
    Feature record: CXX_FEATURE:1cxx_override
    Feature record: CXX_FEATURE:1cxx_range_for
    Feature record: CXX_FEATURE:1cxx_raw_string_literals
    Feature record: CXX_FEATURE:1cxx_reference_qualified_functions
    Feature record: CXX_FEATURE:0cxx_relaxed_constexpr
    Feature record: CXX_FEATURE:0cxx_return_type_deduction
    Feature record: CXX_FEATURE:1cxx_right_angle_brackets
    Feature record: CXX_FEATURE:1cxx_rvalue_references
    Feature record: CXX_FEATURE:1cxx_sizeof_member
    Feature record: CXX_FEATURE:1cxx_static_assert
    Feature record: CXX_FEATURE:1cxx_strong_enums
    Feature record: CXX_FEATURE:1cxx_template_template_parameters
    Feature record: CXX_FEATURE:1cxx_thread_local
    Feature record: CXX_FEATURE:1cxx_trailing_return_types
    Feature record: CXX_FEATURE:1cxx_unicode_literals
    Feature record: CXX_FEATURE:1cxx_uniform_initialization
    Feature record: CXX_FEATURE:1cxx_unrestricted_unions
    Feature record: CXX_FEATURE:1cxx_user_literals
    Feature record: CXX_FEATURE:0cxx_variable_templates
    Feature record: CXX_FEATURE:1cxx_variadic_macros
    Feature record: CXX_FEATURE:1cxx_variadic_templates


Detecting CXX [-std=c++98] compiler features compiled with the following output:
Change Dir: /home/sweet12prof/Desktop/Final/CacheSim_v2/build/CMakeFiles/CMakeTmp

Run Build Command:"/opt/rh/devtoolset-9/root/usr/bin/gmake" "cmTC_2f058/fast"
/opt/rh/devtoolset-9/root/usr/bin/gmake -f CMakeFiles/cmTC_2f058.dir/build.make CMakeFiles/cmTC_2f058.dir/build
gmake[1]: Entering directory '/home/sweet12prof/Desktop/Final/CacheSim_v2/build/CMakeFiles/CMakeTmp'
Building CXX object CMakeFiles/cmTC_2f058.dir/feature_tests.cxx.o
/opt/rh/devtoolset-9/root/usr/bin/g++    -std=c++98 -o CMakeFiles/cmTC_2f058.dir/feature_tests.cxx.o -c /home/sweet12prof/Desktop/Final/CacheSim_v2/build/CMakeFiles/feature_tests.cxx
Linking CXX executable cmTC_2f058
/home/Xilinx/Vitis/2020.1/tps/lnx64/cmake-3.3.2/bin/cmake -E cmake_link_script CMakeFiles/cmTC_2f058.dir/link.txt --verbose=1
/opt/rh/devtoolset-9/root/usr/bin/g++        CMakeFiles/cmTC_2f058.dir/feature_tests.cxx.o  -o cmTC_2f058 -rdynamic 
gmake[1]: Leaving directory '/home/sweet12prof/Desktop/Final/CacheSim_v2/build/CMakeFiles/CMakeTmp'


    Feature record: CXX_FEATURE:0cxx_aggregate_default_initializers
    Feature record: CXX_FEATURE:0cxx_alias_templates
    Feature record: CXX_FEATURE:0cxx_alignas
    Feature record: CXX_FEATURE:0cxx_alignof
    Feature record: CXX_FEATURE:0cxx_attributes
    Feature record: CXX_FEATURE:0cxx_attribute_deprecated
    Feature record: CXX_FEATURE:0cxx_auto_type
    Feature record: CXX_FEATURE:0cxx_binary_literals
    Feature record: CXX_FEATURE:0cxx_constexpr
    Feature record: CXX_FEATURE:0cxx_contextual_conversions
    Feature record: CXX_FEATURE:0cxx_decltype
    Feature record: CXX_FEATURE:0cxx_decltype_auto
    Feature record: CXX_FEATURE:0cxx_decltype_incomplete_return_types
    Feature record: CXX_FEATURE:0cxx_default_function_template_args
    Feature record: CXX_FEATURE:0cxx_defaulted_functions
    Feature record: CXX_FEATURE:0cxx_defaulted_move_initializers
    Feature record: CXX_FEATURE:0cxx_delegating_constructors
    Feature record: CXX_FEATURE:0cxx_deleted_functions
    Feature record: CXX_FEATURE:0cxx_digit_separators
    Feature record: CXX_FEATURE:0cxx_enum_forward_declarations
    Feature record: CXX_FEATURE:0cxx_explicit_conversions
    Feature record: CXX_FEATURE:0cxx_extended_friend_declarations
    Feature record: CXX_FEATURE:0cxx_extern_templates
    Feature record: CXX_FEATURE:0cxx_final
    Feature record: CXX_FEATURE:0cxx_func_identifier
    Feature record: CXX_FEATURE:0cxx_generalized_initializers
    Feature record: CXX_FEATURE:0cxx_generic_lambdas
    Feature record: CXX_FEATURE:0cxx_inheriting_constructors
    Feature record: CXX_FEATURE:0cxx_inline_namespaces
    Feature record: CXX_FEATURE:0cxx_lambdas
    Feature record: CXX_FEATURE:0cxx_lambda_init_captures
    Feature record: CXX_FEATURE:0cxx_local_type_template_args
    Feature record: CXX_FEATURE:0cxx_long_long_type
    Feature record: CXX_FEATURE:0cxx_noexcept
    Feature record: CXX_FEATURE:0cxx_nonstatic_member_init
    Feature record: CXX_FEATURE:0cxx_nullptr
    Feature record: CXX_FEATURE:0cxx_override
    Feature record: CXX_FEATURE:0cxx_range_for
    Feature record: CXX_FEATURE:0cxx_raw_string_literals
    Feature record: CXX_FEATURE:0cxx_reference_qualified_functions
    Feature record: CXX_FEATURE:0cxx_relaxed_constexpr
    Feature record: CXX_FEATURE:0cxx_return_type_deduction
    Feature record: CXX_FEATURE:0cxx_right_angle_brackets
    Feature record: CXX_FEATURE:0cxx_rvalue_references
    Feature record: CXX_FEATURE:0cxx_sizeof_member
    Feature record: CXX_FEATURE:0cxx_static_assert
    Feature record: CXX_FEATURE:0cxx_strong_enums
    Feature record: CXX_FEATURE:1cxx_template_template_parameters
    Feature record: CXX_FEATURE:0cxx_thread_local
    Feature record: CXX_FEATURE:0cxx_trailing_return_types
    Feature record: CXX_FEATURE:0cxx_unicode_literals
    Feature record: CXX_FEATURE:0cxx_uniform_initialization
    Feature record: CXX_FEATURE:0cxx_unrestricted_unions
    Feature record: CXX_FEATURE:0cxx_user_literals
    Feature record: CXX_FEATURE:0cxx_variable_templates
    Feature record: CXX_FEATURE:0cxx_variadic_macros
    Feature record: CXX_FEATURE:0cxx_variadic_templates
